2025-12-07 05:11:41 - ERROR - Error fetching attendance: 1054 (42S22): Unknown column 'id' in 'field list'
2025-12-07 05:11:52 - ERROR - Error fetching attendance: 1054 (42S22): Unknown column 'id' in 'field list'
2025-12-07 05:12:31 - ERROR - Error fetching attendance: 1054 (42S22): Unknown column 'id' in 'field list'
2025-12-07 05:14:20 - ERROR - Error fetching attendance: 1054 (42S22): Unknown column 'id' in 'field list'
2025-12-07 05:14:21 - ERROR - Error fetching attendance: 1054 (42S22): Unknown column 'id' in 'field list'
2025-12-07 05:14:23 - ERROR - Error fetching attendance: 1054 (42S22): Unknown column 'id' in 'field list'
2025-12-07 05:14:24 - ERROR - Error fetching attendance: 1054 (42S22): Unknown column 'id' in 'field list'
2025-12-07 05:14:26 - ERROR - Error fetching attendance: 1054 (42S22): Unknown column 'id' in 'field list'
2025-12-07 05:15:30 - ERROR - Error fetching attendance: 1054 (42S22): Unknown column 'id' in 'field list'
2025-12-07 05:21:59 - ERROR - Error fetching attendance: 1054 (42S22): Unknown column 'id' in 'field list'
2025-12-07 05:22:29 - ERROR - Error fetching attendance: 1054 (42S22): Unknown column 'id' in 'field list'
2025-12-07 05:22:30 - ERROR - Error fetching attendance: 1054 (42S22): Unknown column 'id' in 'field list'
2025-12-07 05:22:31 - ERROR - Error fetching attendance: 1054 (42S22): Unknown column 'id' in 'field list'
2025-12-07 05:22:31 - ERROR - Error fetching attendance: 1054 (42S22): Unknown column 'id' in 'field list'
2025-12-07 05:22:32 - ERROR - Error fetching attendance: 1054 (42S22): Unknown column 'id' in 'field list'
2025-12-07 05:22:32 - ERROR - Error fetching attendance: 1054 (42S22): Unknown column 'id' in 'field list'
2025-12-07 05:22:32 - ERROR - Error fetching attendance: 1054 (42S22): Unknown column 'id' in 'field list'
2025-12-07 05:22:37 - ERROR - Error fetching attendance: 1054 (42S22): Unknown column 'id' in 'field list'
2025-12-07 05:23:51 - ERROR - Error fetching attendance: 1054 (42S22): Unknown column 'id' in 'field list'
2025-12-07 05:26:27 - ERROR - Lỗi khi tải tổng hợp chấm công: 1054 (42S22): Unknown column 'a.id' in 'field list'
2025-12-07 05:26:32 - ERROR - Error fetching attendance: 1054 (42S22): Unknown column 'id' in 'field list'
2025-12-07 05:26:44 - ERROR - Lỗi khi tải tổng hợp chấm công: 1054 (42S22): Unknown column 'a.id' in 'field list'
2025-12-07 05:29:17 - ERROR - Lỗi khi tải tổng hợp chấm công: 1054 (42S22): Unknown column 'a.id' in 'field list'
2025-12-07 05:34:23 - ERROR - Lỗi khi tải tổng hợp chấm công: 1054 (42S22): Unknown column 'a.id' in 'field list'
2025-12-07 05:34:43 - ERROR - Lỗi khi tải tổng hợp chấm công: 1054 (42S22): Unknown column 'a.id' in 'field list'
2025-12-07 05:41:19 - ERROR - Lỗi chi tiết chấm công: 1054 (42S22): Unknown column 'EmployeeName' in 'field list'
2025-12-07 05:41:27 - ERROR - Lỗi form cập nhật: 1054 (42S22): Unknown column 'EmployeeName' in 'field list'
2025-12-07 05:41:31 - ERROR - Lỗi khi tải tổng hợp chấm công: 1054 (42S22): Unknown column 'a.id' in 'field list'
2025-12-07 05:43:00 - ERROR - Lỗi khi tải tổng hợp chấm công: 1054 (42S22): Unknown column 'a.id' in 'field list'
2025-12-07 05:43:05 - ERROR - Lỗi khi tải tổng hợp chấm công: 1054 (42S22): Unknown column 'a.id' in 'field list'
2025-12-07 05:43:15 - ERROR - Lỗi khi tải tổng hợp chấm công: 1054 (42S22): Unknown column 'a.id' in 'field list'
2025-12-07 05:43:35 - ERROR - Lỗi khi tải tổng hợp chấm công: 1054 (42S22): Unknown column 'a.id' in 'field list'
2025-12-07 05:47:33 - ERROR - Lỗi khi tải tổng hợp chấm công: 1054 (42S22): Unknown column 'a.id' in 'field list'
2025-12-07 05:47:40 - ERROR - Lỗi khi tải tổng hợp chấm công: 1054 (42S22): Unknown column 'a.id' in 'field list'
2025-12-07 05:48:05 - ERROR - Lỗi khi tải tổng hợp chấm công: 1054 (42S22): Unknown column 'a.id' in 'field list'
2025-12-07 05:49:56 - ERROR - Lỗi khi tải tổng hợp chấm công: 1054 (42S22): Unknown column 'a.id' in 'field list'
2025-12-07 05:55:32 - ERROR - Error fetching attendance: 1054 (42S22): Unknown column 'id' in 'field list'
2025-12-07 05:55:52 - ERROR - Lỗi khi tải tổng hợp chấm công: 1054 (42S22): Unknown column 'a.id' in 'field list'
2025-12-07 05:59:42 - ERROR - Lỗi khi tải tổng hợp chấm công: 1054 (42S22): Unknown column 'a.id' in 'field list'
2025-12-07 05:59:48 - ERROR - Lỗi khi tải tổng hợp chấm công: 1054 (42S22): Unknown column 'a.id' in 'field list'
2025-12-07 06:00:14 - ERROR - Lỗi khi tải tổng hợp chấm công: 1054 (42S22): Unknown column 'a.id' in 'field list'
2025-12-07 06:00:34 - ERROR - Error fetching attendance: 1054 (42S22): Unknown column 'id' in 'field list'
2025-12-07 06:00:35 - ERROR - Error fetching attendance: 1054 (42S22): Unknown column 'id' in 'field list'
2025-12-07 06:00:36 - ERROR - Error fetching attendance: 1054 (42S22): Unknown column 'id' in 'field list'
2025-12-07 06:00:36 - ERROR - Error fetching attendance: 1054 (42S22): Unknown column 'id' in 'field list'
2025-12-07 06:00:36 - ERROR - Error fetching attendance: 1054 (42S22): Unknown column 'id' in 'field list'
2025-12-07 06:00:36 - ERROR - Error fetching attendance: 1054 (42S22): Unknown column 'id' in 'field list'
2025-12-07 06:00:37 - ERROR - Error fetching attendance: 1054 (42S22): Unknown column 'id' in 'field list'
2025-12-07 06:00:37 - ERROR - Error fetching attendance: 1054 (42S22): Unknown column 'id' in 'field list'
2025-12-07 06:00:49 - ERROR - Error fetching attendance: 1054 (42S22): Unknown column 'id' in 'field list'
2025-12-07 06:00:55 - ERROR - Error fetching attendance: 1054 (42S22): Unknown column 'id' in 'field list'
2025-12-07 06:01:11 - ERROR - Error fetching attendance: 1054 (42S22): Unknown column 'id' in 'field list'
2025-12-07 06:01:13 - ERROR - Error fetching attendance: 1054 (42S22): Unknown column 'id' in 'field list'
2025-12-07 06:04:39 - ERROR - Error fetching attendance: 1054 (42S22): Unknown column 'id' in 'field list'
2025-12-07 06:04:57 - ERROR - Error adding attendance: 1054 (42S22): Unknown column 'CheckIn' in 'field list'
2025-12-07 06:04:57 - ERROR - Error fetching attendance: 1054 (42S22): Unknown column 'id' in 'field list'
2025-12-07 06:04:59 - ERROR - Error fetching attendance: 1054 (42S22): Unknown column 'id' in 'field list'
2025-12-07 06:07:56 - ERROR - Error fetching attendance: 1054 (42S22): Unknown column 'id' in 'field list'
2025-12-07 06:12:29 - ERROR - Lỗi khi tải tổng hợp chấm công: 1054 (42S22): Unknown column 'a.id' in 'field list'
2025-12-07 06:12:34 - ERROR - Lỗi chi tiết chấm công: 1054 (42S22): Unknown column 'EmployeeName' in 'field list'
2025-12-07 06:12:38 - ERROR - Lỗi chi tiết chấm công: 1054 (42S22): Unknown column 'EmployeeName' in 'field list'
2025-12-07 06:12:39 - ERROR - Lỗi form cập nhật: 1054 (42S22): Unknown column 'EmployeeName' in 'field list'
2025-12-07 06:12:40 - ERROR - Lỗi khi tải tổng hợp chấm công: 1054 (42S22): Unknown column 'a.id' in 'field list'
2025-12-07 06:12:40 - ERROR - Lỗi form cập nhật: 1054 (42S22): Unknown column 'EmployeeName' in 'field list'
2025-12-07 06:12:41 - ERROR - Lỗi chi tiết chấm công: 1054 (42S22): Unknown column 'EmployeeName' in 'field list'
2025-12-07 06:12:45 - ERROR - Lỗi chi tiết chấm công: 1054 (42S22): Unknown column 'EmployeeName' in 'field list'
2025-12-07 06:12:46 - ERROR - Lỗi khi tải tổng hợp chấm công: 1054 (42S22): Unknown column 'a.id' in 'field list'
2025-12-07 06:12:56 - ERROR - Lỗi khi tải tổng hợp chấm công: 1054 (42S22): Unknown column 'a.id' in 'field list'
2025-12-07 06:14:17 - ERROR - Lỗi khi tải tổng hợp chấm công: 1054 (42S22): Unknown column 'a.id' in 'field list'
2025-12-07 06:14:20 - ERROR - Lỗi khi tải tổng hợp chấm công: 1054 (42S22): Unknown column 'a.id' in 'field list'
2025-12-07 06:15:43 - ERROR - Lỗi khi tải tổng hợp chấm công: 1054 (42S22): Unknown column 'a.id' in 'field list'
2025-12-07 06:15:46 - ERROR - Lỗi khi tải tổng hợp chấm công: 1054 (42S22): Unknown column 'a.id' in 'field list'
2025-12-07 06:15:47 - ERROR - Lỗi form cập nhật: 1054 (42S22): Unknown column 'EmployeeName' in 'field list'
2025-12-07 06:15:49 - ERROR - Lỗi khi tải tổng hợp chấm công: 1054 (42S22): Unknown column 'a.id' in 'field list'
2025-12-07 06:15:50 - ERROR - Lỗi chi tiết chấm công: 1054 (42S22): Unknown column 'EmployeeName' in 'field list'
2025-12-07 06:16:07 - ERROR - Lỗi khi tải tổng hợp chấm công: 1054 (42S22): Unknown column 'a.id' in 'field list'
2025-12-07 06:16:17 - ERROR - Lỗi khi tải tổng hợp chấm công: 1054 (42S22): Unknown column 'a.id' in 'field list'
2025-12-07 06:16:28 - ERROR - Lỗi form cập nhật: 1054 (42S22): Unknown column 'EmployeeName' in 'field list'
2025-12-07 06:17:59 - ERROR - Lỗi chi tiết chấm công: 1054 (42S22): Unknown column 'EmployeeName' in 'field list'
2025-12-07 06:17:59 - ERROR - Lỗi form cập nhật: 1054 (42S22): Unknown column 'EmployeeName' in 'field list'
2025-12-07 06:18:00 - ERROR - Lỗi khi tải tổng hợp chấm công: 1054 (42S22): Unknown column 'a.id' in 'field list'
2025-12-07 06:18:01 - ERROR - Lỗi khi tải tổng hợp chấm công: 1054 (42S22): Unknown column 'a.id' in 'field list'
2025-12-07 06:18:10 - ERROR - Lỗi khi tải tổng hợp chấm công: 1054 (42S22): Unknown column 'a.id' in 'field list'
2025-12-07 06:18:11 - ERROR - Lỗi chi tiết chấm công: 1054 (42S22): Unknown column 'EmployeeName' in 'field list'
2025-12-07 06:19:46 - ERROR - Lỗi khi tải tổng hợp chấm công: 1054 (42S22): Unknown column 'a.id' in 'field list'
2025-12-07 06:19:48 - ERROR - Lỗi khi tải tổng hợp chấm công: 1054 (42S22): Unknown column 'a.id' in 'field list'
2025-12-07 06:19:51 - ERROR - Lỗi khi tải tổng hợp chấm công: 1054 (42S22): Unknown column 'a.id' in 'field list'
2025-12-07 06:19:58 - ERROR - Lỗi khi tải tổng hợp chấm công: 1054 (42S22): Unknown column 'a.id' in 'field list'
2025-12-07 06:20:34 - ERROR - Lỗi khi tải tổng hợp chấm công: 1054 (42S22): Unknown column 'a.id' in 'field list'
2025-12-07 06:22:12 - ERROR - Lỗi khi tải tổng hợp chấm công: 1054 (42S22): Unknown column 'a.id' in 'field list'
2025-12-07 06:22:30 - ERROR - Error fetching attendance: 1054 (42S22): Unknown column 'id' in 'field list'
2025-12-07 06:24:04 - ERROR - Lỗi khi tải tổng hợp chấm công: 1054 (42S22): Unknown column 'a.id' in 'field list'
2025-12-07 06:24:20 - ERROR - Lỗi khi tải tổng hợp chấm công: 1054 (42S22): Unknown column 'a.id' in 'field list'
2025-12-07 06:25:16 - ERROR - Lỗi khi tải tổng hợp chấm công: 1054 (42S22): Unknown column 'a.id' in 'field list'
2025-12-07 06:25:17 - ERROR - Lỗi chi tiết chấm công: 1054 (42S22): Unknown column 'EmployeeName' in 'field list'
2025-12-07 06:25:18 - ERROR - Lỗi form cập nhật: 1054 (42S22): Unknown column 'EmployeeName' in 'field list'
2025-12-07 06:25:20 - ERROR - Lỗi khi tải tổng hợp chấm công: 1054 (42S22): Unknown column 'a.id' in 'field list'
2025-12-07 06:25:26 - ERROR - Lỗi khi tải tổng hợp chấm công: 1054 (42S22): Unknown column 'a.id' in 'field list'
2025-12-07 06:25:36 - ERROR - Lỗi chi tiết chấm công: 1054 (42S22): Unknown column 'EmployeeName' in 'field list'
2025-12-07 06:25:42 - ERROR - Lỗi form cập nhật: 1054 (42S22): Unknown column 'EmployeeName' in 'field list'
2025-12-07 06:25:46 - ERROR - Lỗi chi tiết chấm công: 1054 (42S22): Unknown column 'EmployeeName' in 'field list'
2025-12-07 06:25:48 - ERROR - Lỗi form cập nhật: 1054 (42S22): Unknown column 'EmployeeName' in 'field list'
2025-12-07 06:25:53 - ERROR - Lỗi khi tải tổng hợp chấm công: 1054 (42S22): Unknown column 'a.id' in 'field list'
2025-12-07 06:25:56 - ERROR - Lỗi chi tiết chấm công: 1054 (42S22): Unknown column 'EmployeeName' in 'field list'
2025-12-07 06:26:09 - ERROR - Lỗi form cập nhật: 1054 (42S22): Unknown column 'EmployeeName' in 'field list'
2025-12-07 06:26:10 - ERROR - Lỗi khi tải tổng hợp chấm công: 1054 (42S22): Unknown column 'a.id' in 'field list'
2025-12-07 06:26:17 - ERROR - Lỗi khi tải tổng hợp chấm công: 1054 (42S22): Unknown column 'a.id' in 'field list'
2025-12-07 06:26:21 - ERROR - Lỗi chi tiết chấm công: 1054 (42S22): Unknown column 'EmployeeName' in 'field list'
2025-12-07 06:26:24 - ERROR - Lỗi form cập nhật: 1054 (42S22): Unknown column 'EmployeeName' in 'field list'
2025-12-07 06:26:56 - ERROR - Lỗi khi tải tổng hợp chấm công: 1054 (42S22): Unknown column 'a.id' in 'field list'
2025-12-07 06:27:25 - ERROR - Lỗi khi tải tổng hợp chấm công: 1054 (42S22): Unknown column 'a.id' in 'field list'
2025-12-07 06:27:28 - ERROR - Lỗi khi tải tổng hợp chấm công: 1054 (42S22): Unknown column 'a.id' in 'field list'
2025-12-07 06:27:31 - ERROR - Lỗi chi tiết chấm công: 1054 (42S22): Unknown column 'EmployeeName' in 'field list'
2025-12-07 06:27:33 - ERROR - Lỗi khi tải tổng hợp chấm công: 1054 (42S22): Unknown column 'a.id' in 'field list'
2025-12-07 06:27:33 - ERROR - Lỗi form cập nhật: 1054 (42S22): Unknown column 'EmployeeName' in 'field list'
2025-12-07 06:28:13 - ERROR - Lỗi khi tải tổng hợp chấm công: 1054 (42S22): Unknown column 'a.id' in 'field list'
2025-12-07 06:28:15 - ERROR - Lỗi form cập nhật: 1054 (42S22): Unknown column 'EmployeeName' in 'field list'
2025-12-07 06:28:35 - ERROR - Lỗi khi tải tổng hợp chấm công: 1054 (42S22): Unknown column 'a.id' in 'field list'
2025-12-07 06:28:37 - ERROR - Lỗi form cập nhật: 1054 (42S22): Unknown column 'EmployeeName' in 'field list'
2025-12-07 06:29:04 - ERROR - Lỗi khi tải tổng hợp chấm công: 1054 (42S22): Unknown column 'a.id' in 'field list'
2025-12-07 06:29:07 - ERROR - Lỗi form cập nhật: 1054 (42S22): Unknown column 'EmployeeName' in 'field list'
2025-12-07 06:29:54 - ERROR - Lỗi chi tiết chấm công: 1054 (42S22): Unknown column 'EmployeeName' in 'field list'
2025-12-07 06:30:02 - ERROR - Lỗi form cập nhật: 1054 (42S22): Unknown column 'EmployeeName' in 'field list'
2025-12-07 06:30:03 - ERROR - Lỗi khi tải tổng hợp chấm công: 1054 (42S22): Unknown column 'a.id' in 'field list'
2025-12-07 06:30:07 - ERROR - Lỗi khi tải tổng hợp chấm công: 1054 (42S22): Unknown column 'a.id' in 'field list'
2025-12-07 06:30:24 - ERROR - Lỗi khi tải tổng hợp chấm công: 1054 (42S22): Unknown column 'a.id' in 'field list'
2025-12-07 06:30:26 - ERROR - Lỗi khi tải tổng hợp chấm công: 1054 (42S22): Unknown column 'a.id' in 'field list'
2025-12-07 06:31:39 - ERROR - Lỗi form cập nhật: 1054 (42S22): Unknown column 'EmployeeName' in 'field list'
2025-12-07 06:31:41 - ERROR - Lỗi khi tải tổng hợp chấm công: 1054 (42S22): Unknown column 'a.id' in 'field list'
2025-12-07 06:32:02 - ERROR - Lỗi khi tải tổng hợp chấm công: 1054 (42S22): Unknown column 'a.id' in 'field list'
2025-12-07 06:32:31 - ERROR - Lỗi khi tải tổng hợp chấm công: 1054 (42S22): Unknown column 'a.id' in 'field list'
2025-12-07 06:33:23 - ERROR - Lỗi khi tải tổng hợp chấm công: 1054 (42S22): Unknown column 'a.id' in 'field list'
2025-12-07 06:34:06 - ERROR - Lỗi form cập nhật: 1054 (42S22): Unknown column 'EmployeeName' in 'field list'
2025-12-07 06:34:10 - ERROR - Lỗi khi tải tổng hợp chấm công: 1054 (42S22): Unknown column 'a.id' in 'field list'
2025-12-07 06:34:13 - ERROR - Lỗi form cập nhật: 1054 (42S22): Unknown column 'EmployeeName' in 'field list'
2025-12-07 06:34:13 - ERROR - Lỗi chi tiết chấm công: 1054 (42S22): Unknown column 'EmployeeName' in 'field list'
2025-12-07 06:35:31 - ERROR - Lỗi chi tiết chấm công: 1054 (42S22): Unknown column 'EmployeeName' in 'field list'
2025-12-07 06:35:31 - ERROR - Lỗi form cập nhật: 1054 (42S22): Unknown column 'EmployeeName' in 'field list'
2025-12-07 06:35:33 - ERROR - Lỗi khi tải tổng hợp chấm công: 1054 (42S22): Unknown column 'a.id' in 'field list'
2025-12-07 06:39:51 - ERROR - Lỗi khi tải tổng hợp chấm công: 1054 (42S22): Unknown column 'a.id' in 'field list'
2025-12-07 06:40:00 - ERROR - Lỗi chi tiết chấm công: 1054 (42S22): Unknown column 'EmployeeName' in 'field list'
2025-12-07 06:40:02 - ERROR - Lỗi form cập nhật: 1054 (42S22): Unknown column 'EmployeeName' in 'field list'
2025-12-07 06:40:04 - ERROR - Lỗi khi tải tổng hợp chấm công: 1054 (42S22): Unknown column 'a.id' in 'field list'
2025-12-07 06:40:07 - ERROR - Lỗi chi tiết chấm công: 1054 (42S22): Unknown column 'EmployeeName' in 'field list'
2025-12-07 06:40:09 - ERROR - Lỗi form cập nhật: 1054 (42S22): Unknown column 'EmployeeName' in 'field list'
2025-12-07 06:41:19 - ERROR - Lỗi chi tiết chấm công: 1054 (42S22): Unknown column 'EmployeeName' in 'field list'
2025-12-07 06:41:20 - ERROR - Lỗi form cập nhật: 1054 (42S22): Unknown column 'EmployeeName' in 'field list'
2025-12-07 06:42:49 - ERROR - Lỗi chi tiết chấm công: 1054 (42S22): Unknown column 'EmployeeName' in 'field list'
2025-12-07 06:42:55 - ERROR - Lỗi form cập nhật: 1054 (42S22): Unknown column 'EmployeeName' in 'field list'
2025-12-07 06:43:53 - ERROR - Lỗi chi tiết chấm công: 1054 (42S22): Unknown column 'EmployeeName' in 'field list'
2025-12-07 06:44:06 - ERROR - Lỗi form cập nhật: 1054 (42S22): Unknown column 'EmployeeName' in 'field list'
2025-12-07 06:44:12 - ERROR - Lỗi khi tải tổng hợp chấm công: 1054 (42S22): Unknown column 'a.id' in 'field list'
2025-12-07 06:44:58 - ERROR - Lỗi chi tiết chấm công: 1054 (42S22): Unknown column 'EmployeeName' in 'field list'
2025-12-07 06:45:03 - ERROR - Lỗi form cập nhật: 1054 (42S22): Unknown column 'EmployeeName' in 'field list'
2025-12-07 06:45:17 - ERROR - Lỗi khi tải tổng hợp chấm công: 1054 (42S22): Unknown column 'a.id' in 'field list'
2025-12-07 06:46:06 - ERROR - Lỗi khi tải tổng hợp chấm công: 1054 (42S22): Unknown column 'a.id' in 'field list'
2025-12-07 06:46:33 - ERROR - Lỗi khi tải tổng hợp chấm công: 1054 (42S22): Unknown column 'a.id' in 'field list'
2025-12-07 06:46:42 - ERROR - Lỗi form cập nhật: 1054 (42S22): Unknown column 'EmployeeName' in 'field list'
2025-12-07 06:46:47 - ERROR - Lỗi chi tiết chấm công: 1054 (42S22): Unknown column 'EmployeeName' in 'field list'
2025-12-07 06:46:48 - ERROR - Lỗi khi tải tổng hợp chấm công: 1054 (42S22): Unknown column 'a.id' in 'field list'
2025-12-07 06:46:50 - ERROR - Lỗi form cập nhật: 1054 (42S22): Unknown column 'EmployeeName' in 'field list'
2025-12-07 06:46:59 - ERROR - Lỗi chi tiết chấm công: 1054 (42S22): Unknown column 'EmployeeName' in 'field list'
2025-12-07 06:47:02 - ERROR - Lỗi form cập nhật: 1054 (42S22): Unknown column 'EmployeeName' in 'field list'
2025-12-07 06:47:05 - ERROR - Lỗi khi tải tổng hợp chấm công: 1054 (42S22): Unknown column 'a.id' in 'field list'
2025-12-07 06:47:51 - ERROR - Lỗi khi tải tổng hợp chấm công: 1054 (42S22): Unknown column 'a.id' in 'field list'
2025-12-07 06:47:57 - ERROR - Lỗi chi tiết chấm công: 1054 (42S22): Unknown column 'EmployeeName' in 'field list'
2025-12-07 06:50:02 - ERROR - Lỗi khi tải tổng hợp chấm công: 1054 (42S22): Unknown column 'a.id' in 'field list'
2025-12-07 06:51:49 - ERROR - Lỗi chi tiết chấm công: 1054 (42S22): Unknown column 'EmployeeName' in 'field list'
2025-12-07 06:51:58 - ERROR - Lỗi form cập nhật: 1054 (42S22): Unknown column 'EmployeeName' in 'field list'
2025-12-07 06:54:30 - ERROR - Lỗi chi tiết chấm công: 1054 (42S22): Unknown column 'EmployeeName' in 'field list'
2025-12-07 06:54:32 - ERROR - Lỗi form cập nhật: 1054 (42S22): Unknown column 'EmployeeName' in 'field list'
2025-12-07 06:55:06 - ERROR - Lỗi form cập nhật: 1054 (42S22): Unknown column 'EmployeeName' in 'field list'
2025-12-07 06:55:08 - ERROR - Lỗi chi tiết chấm công: 1054 (42S22): Unknown column 'EmployeeName' in 'field list'
2025-12-07 06:55:10 - ERROR - Lỗi khi tải tổng hợp chấm công: 1054 (42S22): Unknown column 'a.id' in 'field list'
2025-12-07 06:55:12 - ERROR - Lỗi form cập nhật: 1054 (42S22): Unknown column 'EmployeeName' in 'field list'
2025-12-07 06:55:50 - ERROR - Lỗi form cập nhật: 1054 (42S22): Unknown column 'EmployeeName' in 'field list'
2025-12-07 06:56:19 - ERROR - Lỗi form cập nhật: 1054 (42S22): Unknown column 'EmployeeName' in 'field list'
2025-12-07 06:59:23 - ERROR - Lỗi khi tải tổng hợp chấm công: 1054 (42S22): Unknown column 'a.id' in 'field list'
2025-12-07 06:59:26 - ERROR - Lỗi form cập nhật: 1054 (42S22): Unknown column 'EmployeeName' in 'field list'
2025-12-07 07:00:25 - ERROR - Lỗi form cập nhật: 1054 (42S22): Unknown column 'EmployeeName' in 'field list'
2025-12-07 07:04:19 - ERROR - Lỗi khi tải tổng hợp chấm công: 1054 (42S22): Unknown column 'a.id' in 'field list'
2025-12-07 07:04:34 - ERROR - Lỗi chi tiết chấm công: 1054 (42S22): Unknown column 'EmployeeName' in 'field list'
2025-12-07 07:04:38 - ERROR - Lỗi form cập nhật: 1054 (42S22): Unknown column 'EmployeeName' in 'field list'
2025-12-07 07:04:44 - ERROR - Lỗi khi tải tổng hợp chấm công: 1054 (42S22): Unknown column 'a.id' in 'field list'
2025-12-07 07:05:00 - ERROR - Lỗi chi tiết chấm công: 1054 (42S22): Unknown column 'EmployeeName' in 'field list'
2025-12-07 07:05:36 - ERROR - Lỗi form cập nhật: 1054 (42S22): Unknown column 'EmployeeName' in 'field list'
2025-12-07 07:05:44 - ERROR - Lỗi khi tải tổng hợp chấm công: 1054 (42S22): Unknown column 'a.id' in 'field list'
2025-12-07 07:07:42 - ERROR - Lỗi khi tải tổng hợp chấm công: 1054 (42S22): Unknown column 'a.id' in 'field list'
2025-12-07 07:07:42 - ERROR - Lỗi form cập nhật: 1054 (42S22): Unknown column 'EmployeeName' in 'field list'
2025-12-07 07:07:45 - ERROR - Lỗi chi tiết chấm công: 1054 (42S22): Unknown column 'EmployeeName' in 'field list'
2025-12-07 07:08:57 - ERROR - Lỗi chi tiết chấm công: 1054 (42S22): Unknown column 'EmployeeName' in 'field list'
2025-12-07 07:09:56 - ERROR - Lỗi form cập nhật: 1054 (42S22): Unknown column 'EmployeeName' in 'field list'
2025-12-07 07:09:58 - ERROR - Lỗi chi tiết chấm công: 1054 (42S22): Unknown column 'EmployeeName' in 'field list'
2025-12-07 07:10:09 - ERROR - Lỗi chi tiết chấm công: 1054 (42S22): Unknown column 'EmployeeName' in 'field list'
2025-12-07 07:10:10 - ERROR - Lỗi chi tiết chấm công: 1054 (42S22): Unknown column 'EmployeeName' in 'field list'
2025-12-07 07:10:12 - ERROR - Lỗi form cập nhật: 1054 (42S22): Unknown column 'EmployeeName' in 'field list'
2025-12-07 07:10:13 - ERROR - Lỗi form cập nhật: 1054 (42S22): Unknown column 'EmployeeName' in 'field list'
2025-12-07 07:10:17 - ERROR - Lỗi form cập nhật: 1054 (42S22): Unknown column 'EmployeeName' in 'field list'
2025-12-07 07:10:19 - ERROR - Lỗi khi tải tổng hợp chấm công: 1054 (42S22): Unknown column 'a.id' in 'field list'
2025-12-07 07:10:19 - ERROR - Lỗi form cập nhật: 1054 (42S22): Unknown column 'EmployeeName' in 'field list'
2025-12-07 07:10:20 - ERROR - Lỗi chi tiết chấm công: 1054 (42S22): Unknown column 'EmployeeName' in 'field list'
2025-12-07 07:10:21 - ERROR - Lỗi form cập nhật: 1054 (42S22): Unknown column 'EmployeeName' in 'field list'
2025-12-07 07:10:21 - ERROR - Lỗi khi tải tổng hợp chấm công: 1054 (42S22): Unknown column 'a.id' in 'field list'
2025-12-07 07:10:22 - ERROR - Lỗi chi tiết chấm công: 1054 (42S22): Unknown column 'EmployeeName' in 'field list'
2025-12-07 07:10:23 - ERROR - Lỗi form cập nhật: 1054 (42S22): Unknown column 'EmployeeName' in 'field list'
2025-12-07 07:10:28 - ERROR - Lỗi form cập nhật: 1054 (42S22): Unknown column 'EmployeeName' in 'field list'
2025-12-07 07:10:28 - ERROR - Lỗi khi tải tổng hợp chấm công: 1054 (42S22): Unknown column 'a.id' in 'field list'
2025-12-07 07:10:29 - ERROR - Lỗi form cập nhật: 1054 (42S22): Unknown column 'EmployeeName' in 'field list'
2025-12-07 07:11:04 - ERROR - Lỗi chi tiết chấm công: 1054 (42S22): Unknown column 'EmployeeName' in 'field list'
2025-12-07 07:12:48 - ERROR - Lỗi chi tiết chấm công: 1054 (42S22): Unknown column 'EmployeeName' in 'field list'
2025-12-07 07:12:59 - ERROR - Lỗi chi tiết chấm công: 1054 (42S22): Unknown column 'EmployeeName' in 'field list'
2025-12-07 07:13:21 - ERROR - Lỗi chi tiết chấm công: 1054 (42S22): Unknown column 'EmployeeName' in 'field list'
2025-12-07 07:13:55 - ERROR - Lỗi chi tiết chấm công: 1054 (42S22): Unknown column 'EmployeeName' in 'field list'
2025-12-07 07:15:11 - ERROR - Lỗi chi tiết chấm công: 1054 (42S22): Unknown column 'EmployeeName' in 'field list'
2025-12-07 07:15:47 - ERROR - Lỗi chi tiết chấm công: 1054 (42S22): Unknown column 'EmployeeName' in 'field list'
2025-12-07 07:16:17 - ERROR - Lỗi chi tiết chấm công: 1054 (42S22): Unknown column 'EmployeeName' in 'field list'
2025-12-07 07:17:32 - ERROR - Lỗi form cập nhật: 1054 (42S22): Unknown column 'EmployeeName' in 'field list'
2025-12-07 07:17:39 - ERROR - Lỗi khi tải tổng hợp chấm công: 1054 (42S22): Unknown column 'a.id' in 'field list'
2025-12-07 07:18:14 - ERROR - Lỗi khi tải tổng hợp chấm công: 1054 (42S22): Unknown column 'a.id' in 'field list'
2025-12-07 07:18:18 - ERROR - Lỗi form cập nhật: 1054 (42S22): Unknown column 'EmployeeName' in 'field list'
2025-12-07 07:19:58 - ERROR - Lỗi chi tiết chấm công: 1054 (42S22): Unknown column 'EmployeeName' in 'field list'
2025-12-07 07:19:59 - ERROR - Lỗi khi tải tổng hợp chấm công: 1054 (42S22): Unknown column 'a.id' in 'field list'
2025-12-07 07:20:07 - ERROR - Lỗi khi tải tổng hợp chấm công: 1054 (42S22): Unknown column 'a.id' in 'field list'
2025-12-07 07:21:02 - ERROR - Lỗi chi tiết chấm công: 1054 (42S22): Unknown column 'EmployeeName' in 'field list'
2025-12-07 07:21:07 - ERROR - Lỗi chi tiết chấm công: 1054 (42S22): Unknown column 'EmployeeName' in 'field list'
2025-12-07 07:21:56 - ERROR - Lỗi form cập nhật: 1054 (42S22): Unknown column 'EmployeeName' in 'field list'
2025-12-07 07:23:19 - ERROR - Lỗi form cập nhật: 1054 (42S22): Unknown column 'EmployeeName' in 'field list'
2025-12-07 07:23:24 - ERROR - Lỗi form cập nhật: 1054 (42S22): Unknown column 'EmployeeName' in 'field list'
2025-12-07 07:23:46 - ERROR - Lỗi khi tải tổng hợp chấm công: 1054 (42S22): Unknown column 'a.id' in 'field list'
2025-12-07 07:23:47 - ERROR - Lỗi form cập nhật: 1054 (42S22): Unknown column 'EmployeeName' in 'field list'
2025-12-07 07:25:28 - ERROR - Lỗi chi tiết chấm công: 1054 (42S22): Unknown column 'EmployeeName' in 'field list'
2025-12-07 07:25:29 - ERROR - Lỗi form cập nhật: 1054 (42S22): Unknown column 'EmployeeName' in 'field list'
2025-12-07 07:26:03 - ERROR - Lỗi form cập nhật: 1054 (42S22): Unknown column 'EmployeeName' in 'field list'
2025-12-07 07:26:16 - ERROR - Lỗi form cập nhật: 1054 (42S22): Unknown column 'EmployeeName' in 'field list'
2025-12-07 07:26:35 - ERROR - Lỗi khi tải tổng hợp chấm công: 1054 (42S22): Unknown column 'a.id' in 'field list'
2025-12-07 07:26:37 - ERROR - Lỗi form cập nhật: 1054 (42S22): Unknown column 'EmployeeName' in 'field list'
2025-12-07 07:27:23 - ERROR - Lỗi khi tải tổng hợp chấm công: 1054 (42S22): Unknown column 'a.id' in 'field list'
2025-12-07 07:27:25 - ERROR - Lỗi form cập nhật: 1054 (42S22): Unknown column 'EmployeeName' in 'field list'
2025-12-07 07:27:35 - ERROR - Lỗi form cập nhật: 1054 (42S22): Unknown column 'EmployeeName' in 'field list'
2025-12-07 07:30:40 - ERROR - Lỗi form cập nhật: 1054 (42S22): Unknown column 'EmployeeName' in 'field list'
2025-12-07 07:31:18 - ERROR - Lỗi form cập nhật: 1054 (42S22): Unknown column 'EmployeeName' in 'field list'
2025-12-07 07:31:42 - ERROR - Lỗi khi tải tổng hợp chấm công: 1054 (42S22): Unknown column 'a.id' in 'field list'
2025-12-07 07:31:44 - ERROR - Lỗi form cập nhật: 1054 (42S22): Unknown column 'EmployeeName' in 'field list'
2025-12-07 07:32:22 - ERROR - Lỗi form cập nhật: 1054 (42S22): Unknown column 'EmployeeName' in 'field list'
2025-12-07 07:32:26 - ERROR - Lỗi form cập nhật: 1054 (42S22): Unknown column 'EmployeeName' in 'field list'
2025-12-07 07:32:32 - ERROR - Lỗi chi tiết chấm công: 1054 (42S22): Unknown column 'EmployeeName' in 'field list'
2025-12-07 07:32:33 - ERROR - Lỗi khi tải tổng hợp chấm công: 1054 (42S22): Unknown column 'a.id' in 'field list'
2025-12-07 07:32:36 - ERROR - Lỗi form cập nhật: 1054 (42S22): Unknown column 'EmployeeName' in 'field list'
2025-12-07 07:32:56 - ERROR - Lỗi form cập nhật: 1054 (42S22): Unknown column 'EmployeeName' in 'field list'
2025-12-07 07:33:11 - ERROR - Lỗi form cập nhật: 1054 (42S22): Unknown column 'EmployeeName' in 'field list'
2025-12-07 07:33:40 - ERROR - Lỗi form cập nhật: 1054 (42S22): Unknown column 'EmployeeName' in 'field list'
2025-12-07 07:33:49 - ERROR - Lỗi form cập nhật: 1054 (42S22): Unknown column 'EmployeeName' in 'field list'
2025-12-07 07:34:13 - ERROR - Lỗi form cập nhật: 1054 (42S22): Unknown column 'EmployeeName' in 'field list'
2025-12-07 07:34:38 - ERROR - Lỗi form cập nhật: 1054 (42S22): Unknown column 'EmployeeName' in 'field list'
2025-12-07 07:35:07 - ERROR - Lỗi form cập nhật: 1054 (42S22): Unknown column 'EmployeeName' in 'field list'
2025-12-07 07:36:01 - ERROR - Lỗi khi tải tổng hợp chấm công: 1054 (42S22): Unknown column 'a.id' in 'field list'
2025-12-07 07:36:03 - ERROR - Lỗi chi tiết chấm công: 1054 (42S22): Unknown column 'EmployeeName' in 'field list'
2025-12-07 07:36:18 - ERROR - Lỗi khi tải tổng hợp chấm công: 1054 (42S22): Unknown column 'a.id' in 'field list'
2025-12-07 07:36:57 - ERROR - Lỗi chi tiết chấm công: 1054 (42S22): Unknown column 'EmployeeName' in 'field list'
2025-12-07 07:36:59 - ERROR - Lỗi khi tải tổng hợp chấm công: 1054 (42S22): Unknown column 'a.id' in 'field list'
2025-12-07 07:37:03 - ERROR - Lỗi form cập nhật: 1054 (42S22): Unknown column 'EmployeeName' in 'field list'
2025-12-07 07:37:07 - ERROR - Lỗi khi tải tổng hợp chấm công: 1054 (42S22): Unknown column 'a.id' in 'field list'
2025-12-07 07:39:26 - ERROR - Lỗi khi tải tổng hợp chấm công: 1054 (42S22): Unknown column 'a.id' in 'field list'
2025-12-07 07:39:40 - ERROR - Lỗi form cập nhật: 1054 (42S22): Unknown column 'EmployeeName' in 'field list'
2025-12-07 07:52:26 - ERROR - Lỗi chi tiết chấm công: 1045 (28000): Access denied for user 'root'@'localhost' (using password: YES)
2025-12-07 07:52:27 - ERROR - Lỗi khi tải tổng hợp chấm công: 1045 (28000): Access denied for user 'root'@'localhost' (using password: YES)
2025-12-07 07:52:37 - ERROR - Lỗi khi tải tổng hợp chấm công: 1045 (28000): Access denied for user 'root'@'localhost' (using password: YES)
2025-12-07 07:52:43 - ERROR - Lỗi form cập nhật: 1045 (28000): Access denied for user 'root'@'localhost' (using password: YES)
